<?xml version="1.0" encoding="UTF-8"?>
<!-- Generated by org.testng.reporters.JUnitReportReporter -->
<testsuite hostname="DESKTOP-OAMK9L2" name="testcase.test" tests="1" failures="0" timestamp="21 Jul 2018 05:14:36 GMT" time="0.032" errors="0">
  <testcase name="run" time="0.032" classname="testcase.test"/>
</testsuite> <!-- testcase.test -->
