<?xml version="1.0" encoding="UTF-8"?>
<!-- Generated by org.testng.reporters.JUnitReportReporter -->
<testsuite hostname="DESKTOP-OAMK9L2" name="testcase.FrameWorkCreateLead" tests="1" failures="0" timestamp="21 Jul 2018 05:36:12 GMT" time="36.487" errors="0">
  <testcase name="login" time="36.487" classname="testcase.FrameWorkCreateLead"/>
</testsuite> <!-- testcase.FrameWorkCreateLead -->
