<?xml version="1.0" encoding="UTF-8"?>
<!-- Generated by org.testng.reporters.JUnitReportReporter -->
<testsuite hostname="DESKTOP-OAMK9L2" name="testcase.Createlead" tests="1" failures="0" timestamp="21 Jul 2018 08:10:27 GMT" time="28.219" errors="0">
  <testcase name="createLead" time="28.219" classname="testcase.Createlead"/>
</testsuite> <!-- testcase.Createlead -->
