<?xml version="1.0" encoding="UTF-8"?>
<!-- Generated by org.testng.reporters.JUnitReportReporter -->
<testsuite skipped="0" hostname="DESKTOP-OAMK9L2" name="week6.day1.ReadExcel" tests="1" failures="0" timestamp="28 Jul 2018 04:22:51 GMT" time="0.799" errors="0">
  <testcase name="readExcel" time="0.799" classname="week6.day1.ReadExcel"/>
</testsuite> <!-- week6.day1.ReadExcel -->
