<?xml version="1.0" encoding="UTF-8"?>
<!-- Generated by org.testng.reporters.JUnitReportReporter -->
<testsuite skipped="0" hostname="DESKTOP-OAMK9L2" name="test.TC002_CreateLeadNegative" tests="3" failures="0" timestamp="29 Jul 2018 08:35:33 GMT" time="73.063" errors="0">
  <testcase name="Createlead" time="25.827" classname="test.TC002_CreateLeadNegative"/>
  <testcase name="Createlead" time="24.282" classname="test.TC002_CreateLeadNegative"/>
  <testcase name="Createlead" time="22.954" classname="test.TC002_CreateLeadNegative"/>
</testsuite> <!-- test.TC002_CreateLeadNegative -->
