<?xml version="1.0" encoding="UTF-8"?>
<!-- Generated by org.testng.reporters.JUnitReportReporter -->
<testsuite skipped="0" hostname="DESKTOP-OAMK9L2" name="gridScripts.Leaftaps" tests="1" failures="0" timestamp="04 Aug 2018 10:48:30 GMT" time="19.510" errors="0">
  <testcase name="login" time="19.510" classname="gridScripts.Leaftaps"/>
</testsuite> <!-- gridScripts.Leaftaps -->
