<?xml version="1.0" encoding="UTF-8"?>
<!-- Generated by org.testng.reporters.JUnitReportReporter -->
<testsuite skipped="0" hostname="DESKTOP-OAMK9L2" name="testcase.CreateleadDataProvider" tests="2" failures="0" timestamp="22 Jul 2018 08:41:01 GMT" time="74.026" errors="0">
  <testcase name="createLead" time="26.451" classname="testcase.CreateleadDataProvider"/>
  <testcase name="createLead" time="47.575" classname="testcase.CreateleadDataProvider"/>
</testsuite> <!-- testcase.CreateleadDataProvider -->
